Fri Nov 24 2017 16:07:27 GMT+0100 (CET): GET /
Fri Nov 24 2017 16:07:59 GMT+0100 (CET): GET /
Fri Nov 24 2017 16:08:10 GMT+0100 (CET): GET /about/
Fri Nov 24 2017 16:37:00 GMT+0100 (CET): GET /
Fri Nov 24 2017 16:37:46 GMT+0100 (CET): GET /
Fri Nov 24 2017 17:07:13 GMT+0100 (CET): GET /
Fri Nov 24 2017 17:07:15 GMT+0100 (CET): GET /
Fri Nov 24 2017 17:07:30 GMT+0100 (CET): GET /about/
Fri Nov 24 2017 17:08:14 GMT+0100 (CET): GET /
Fri Nov 24 2017 17:08:26 GMT+0100 (CET): GET /
Fri Nov 24 2017 17:28:10 GMT+0100 (CET): GET /
Fri Nov 24 2017 17:28:12 GMT+0100 (CET): GET /
Fri Nov 24 2017 17:28:16 GMT+0100 (CET): GET /
Fri Nov 24 2017 17:28:25 GMT+0100 (CET): GET /about/
Fri Nov 24 2017 17:28:51 GMT+0100 (CET): GET /help/
Fri Nov 24 2017 17:30:42 GMT+0100 (CET): GET /help.html/
Fri Nov 24 2017 17:30:49 GMT+0100 (CET): GET /
Fri Nov 24 2017 17:31:07 GMT+0100 (CET): GET /about/
Fri Nov 24 2017 17:31:38 GMT+0100 (CET): GET /
Fri Nov 24 2017 17:32:47 GMT+0100 (CET): GET /
Fri Nov 24 2017 17:33:02 GMT+0100 (CET): GET /about/
Fri Nov 24 2017 17:33:09 GMT+0100 (CET): GET /
Mon Nov 27 2017 12:57:14 GMT+0100 (CET): GET /
Mon Nov 27 2017 12:57:14 GMT+0100 (CET): GET /favicon.ico/
Mon Nov 27 2017 12:57:31 GMT+0100 (CET): GET /portfolio/
Mon Nov 27 2017 13:03:05 GMT+0100 (CET): GET /
Mon Nov 27 2017 13:03:13 GMT+0100 (CET): GET /portfolio/
Mon Nov 27 2017 13:03:41 GMT+0100 (CET): GET /portfolio/
Mon Nov 27 2017 13:03:57 GMT+0100 (CET): GET /portfolio/
Mon Nov 27 2017 13:04:04 GMT+0100 (CET): GET /
Mon Nov 27 2017 13:04:12 GMT+0100 (CET): GET /portfolio/
Mon Nov 27 2017 13:05:37 GMT+0100 (CET): GET /
Mon Nov 27 2017 13:05:43 GMT+0100 (CET): GET /
Mon Nov 27 2017 13:05:45 GMT+0100 (CET): GET /about/
Mon Nov 27 2017 13:06:03 GMT+0100 (CET): GET /
Mon Nov 27 2017 13:06:16 GMT+0100 (CET): GET /portfolio/
Mon Nov 27 2017 13:07:11 GMT+0100 (CET): GET /portfolio/
Mon Nov 27 2017 14:31:56 GMT+0100 (CET): GET /portfolio/
Mon Nov 27 2017 14:32:00 GMT+0100 (CET): GET /
Mon Nov 27 2017 14:32:02 GMT+0100 (CET): GET /portfolio/
